{"/Users/souravsharma/Projects/PlaidPOC/src/components/RNButton/RNButton.tsx": {"path":"/Users/souravsharma/Projects/PlaidPOC/src/components/RNButton/RNButton.tsx","statementMap":{"0":{"start":{"line":8,"column":42},"end":{"line":14,"column":1}},"1":{"start":{"line":9,"column":2},"end":{"line":13,"column":4}}},"fnMap":{"0":{"name":"(anonymous_0)","decl":{"start":{"line":8,"column":42},"end":{"line":8,"column":43}},"loc":{"start":{"line":8,"column":64},"end":{"line":14,"column":1}},"line":8}},"branchMap":{},"s":{"0":1,"1":2},"f":{"0":2},"b":{},"_coverageSchema":"1a1c01bbd47fc00a2c39e90264f33305004495a9","hash":"670a5dd43601ce3db7500647d2e167229da0ac25"}
}
